Analysis & Synthesis report for MiniS08
Thu Nov 30 17:46:48 2017
Quartus II 64-Bit Version 13.0.1 Build 232 06/12/2013 Service Pack 1 SJ Web Edition


---------------------
; Table of Contents ;
---------------------
  1. Legal Notice
  2. Analysis & Synthesis Summary
  3. Analysis & Synthesis Settings
  4. Parallel Compilation
  5. Analysis & Synthesis Source Files Read
  6. Analysis & Synthesis Resource Usage Summary
  7. Analysis & Synthesis Resource Utilization by Entity
  8. Analysis & Synthesis RAM Summary
  9. Analysis & Synthesis IP Cores Summary
 10. State Machine - |MiniS08|FPU:S08fpu|MulState
 11. Registers Removed During Synthesis
 12. Removed Registers Triggering Further Register Optimizations
 13. General Register Statistics
 14. Multiplexer Restructuring Statistics (Restructuring Performed)
 15. Source assignments for S08ram:ram|altsyncram:altsyncram_component|altsyncram_gra1:auto_generated
 16. Source assignments for S08rom:rom|altsyncram:altsyncram_component|altsyncram_14b1:auto_generated
 17. Parameter Settings for User Entity Instance: S08ram:ram|altsyncram:altsyncram_component
 18. Parameter Settings for User Entity Instance: S08rom:rom|altsyncram:altsyncram_component
 19. altsyncram Parameter Settings by Entity Instance
 20. Port Connectivity Checks: "FPU:S08fpu"
 21. Port Connectivity Checks: "sevenseg:ST"
 22. Port Connectivity Checks: "sevenseg:A2"
 23. Elapsed Time Per Partition
 24. Analysis & Synthesis Messages
 25. Analysis & Synthesis Suppressed Messages



----------------
; Legal Notice ;
----------------
Copyright (C) 1991-2013 Altera Corporation
Your use of Altera Corporation's design tools, logic functions 
and other software and tools, and its AMPP partner logic 
functions, and any output files from any of the foregoing 
(including device programming or simulation files), and any 
associated documentation or information are expressly subject 
to the terms and conditions of the Altera Program License 
Subscription Agreement, Altera MegaCore Function License 
Agreement, or other applicable license agreement, including, 
without limitation, that your use is for the sole purpose of 
programming logic devices manufactured by Altera and sold by 
Altera or its authorized distributors.  Please refer to the 
applicable agreement for further details.



+--------------------------------------------------------------------------------------+
; Analysis & Synthesis Summary                                                         ;
+------------------------------------+-------------------------------------------------+
; Analysis & Synthesis Status        ; Successful - Thu Nov 30 17:46:48 2017           ;
; Quartus II 64-Bit Version          ; 13.0.1 Build 232 06/12/2013 SP 1 SJ Web Edition ;
; Revision Name                      ; MiniS08                                         ;
; Top-level Entity Name              ; MiniS08                                         ;
; Family                             ; Cyclone II                                      ;
; Total logic elements               ; 1,174                                           ;
;     Total combinational functions  ; 1,098                                           ;
;     Dedicated logic registers      ; 424                                             ;
; Total registers                    ; 424                                             ;
; Total pins                         ; 66                                              ;
; Total virtual pins                 ; 0                                               ;
; Total memory bits                  ; 10,240                                          ;
; Embedded Multiplier 9-bit elements ; 0                                               ;
; Total PLLs                         ; 0                                               ;
+------------------------------------+-------------------------------------------------+


+----------------------------------------------------------------------------------------------------------------------+
; Analysis & Synthesis Settings                                                                                        ;
+----------------------------------------------------------------------------+--------------------+--------------------+
; Option                                                                     ; Setting            ; Default Value      ;
+----------------------------------------------------------------------------+--------------------+--------------------+
; Device                                                                     ; EP2C35F672C6       ;                    ;
; Top-level entity name                                                      ; MiniS08            ; MiniS08            ;
; Family name                                                                ; Cyclone II         ; Cyclone IV GX      ;
; Use smart compilation                                                      ; Off                ; Off                ;
; Enable parallel Assembler and TimeQuest Timing Analyzer during compilation ; On                 ; On                 ;
; Enable compact report table                                                ; Off                ; Off                ;
; Restructure Multiplexers                                                   ; Auto               ; Auto               ;
; Create Debugging Nodes for IP Cores                                        ; Off                ; Off                ;
; Preserve fewer node names                                                  ; On                 ; On                 ;
; Disable OpenCore Plus hardware evaluation                                  ; Off                ; Off                ;
; Verilog Version                                                            ; Verilog_2001       ; Verilog_2001       ;
; VHDL Version                                                               ; VHDL_1993          ; VHDL_1993          ;
; State Machine Processing                                                   ; Auto               ; Auto               ;
; Safe State Machine                                                         ; Off                ; Off                ;
; Extract Verilog State Machines                                             ; On                 ; On                 ;
; Extract VHDL State Machines                                                ; On                 ; On                 ;
; Ignore Verilog initial constructs                                          ; Off                ; Off                ;
; Iteration limit for constant Verilog loops                                 ; 5000               ; 5000               ;
; Iteration limit for non-constant Verilog loops                             ; 250                ; 250                ;
; Add Pass-Through Logic to Inferred RAMs                                    ; On                 ; On                 ;
; Infer RAMs from Raw Logic                                                  ; On                 ; On                 ;
; Parallel Synthesis                                                         ; On                 ; On                 ;
; DSP Block Balancing                                                        ; Auto               ; Auto               ;
; NOT Gate Push-Back                                                         ; On                 ; On                 ;
; Power-Up Don't Care                                                        ; On                 ; On                 ;
; Remove Redundant Logic Cells                                               ; Off                ; Off                ;
; Remove Duplicate Registers                                                 ; On                 ; On                 ;
; Ignore CARRY Buffers                                                       ; Off                ; Off                ;
; Ignore CASCADE Buffers                                                     ; Off                ; Off                ;
; Ignore GLOBAL Buffers                                                      ; Off                ; Off                ;
; Ignore ROW GLOBAL Buffers                                                  ; Off                ; Off                ;
; Ignore LCELL Buffers                                                       ; Off                ; Off                ;
; Ignore SOFT Buffers                                                        ; On                 ; On                 ;
; Limit AHDL Integers to 32 Bits                                             ; Off                ; Off                ;
; Optimization Technique                                                     ; Balanced           ; Balanced           ;
; Carry Chain Length                                                         ; 70                 ; 70                 ;
; Auto Carry Chains                                                          ; On                 ; On                 ;
; Auto Open-Drain Pins                                                       ; On                 ; On                 ;
; Perform WYSIWYG Primitive Resynthesis                                      ; Off                ; Off                ;
; Auto ROM Replacement                                                       ; On                 ; On                 ;
; Auto RAM Replacement                                                       ; On                 ; On                 ;
; Auto Shift Register Replacement                                            ; Auto               ; Auto               ;
; Allow Shift Register Merging across Hierarchies                            ; Auto               ; Auto               ;
; Auto Clock Enable Replacement                                              ; On                 ; On                 ;
; Strict RAM Replacement                                                     ; Off                ; Off                ;
; Allow Synchronous Control Signals                                          ; On                 ; On                 ;
; Force Use of Synchronous Clear Signals                                     ; Off                ; Off                ;
; Auto RAM to Logic Cell Conversion                                          ; Off                ; Off                ;
; Auto Resource Sharing                                                      ; Off                ; Off                ;
; Allow Any RAM Size For Recognition                                         ; Off                ; Off                ;
; Allow Any ROM Size For Recognition                                         ; Off                ; Off                ;
; Allow Any Shift Register Size For Recognition                              ; Off                ; Off                ;
; Use LogicLock Constraints during Resource Balancing                        ; On                 ; On                 ;
; Ignore translate_off and synthesis_off directives                          ; Off                ; Off                ;
; Timing-Driven Synthesis                                                    ; Off                ; Off                ;
; Report Parameter Settings                                                  ; On                 ; On                 ;
; Report Source Assignments                                                  ; On                 ; On                 ;
; Report Connectivity Checks                                                 ; On                 ; On                 ;
; Ignore Maximum Fan-Out Assignments                                         ; Off                ; Off                ;
; Synchronization Register Chain Length                                      ; 2                  ; 2                  ;
; PowerPlay Power Optimization                                               ; Normal compilation ; Normal compilation ;
; HDL message level                                                          ; Level2             ; Level2             ;
; Suppress Register Optimization Related Messages                            ; Off                ; Off                ;
; Number of Removed Registers Reported in Synthesis Report                   ; 5000               ; 5000               ;
; Number of Swept Nodes Reported in Synthesis Report                         ; 5000               ; 5000               ;
; Number of Inverted Registers Reported in Synthesis Report                  ; 100                ; 100                ;
; Clock MUX Protection                                                       ; On                 ; On                 ;
; Auto Gated Clock Conversion                                                ; Off                ; Off                ;
; Block Design Naming                                                        ; Auto               ; Auto               ;
; SDC constraint protection                                                  ; Off                ; Off                ;
; Synthesis Effort                                                           ; Auto               ; Auto               ;
; Shift Register Replacement - Allow Asynchronous Clear Signal               ; On                 ; On                 ;
; Pre-Mapping Resynthesis Optimization                                       ; Off                ; Off                ;
; Analysis & Synthesis Message Level                                         ; Medium             ; Medium             ;
; Disable Register Merging Across Hierarchies                                ; Auto               ; Auto               ;
; Resource Aware Inference For Block RAM                                     ; On                 ; On                 ;
; Synthesis Seed                                                             ; 1                  ; 1                  ;
+----------------------------------------------------------------------------+--------------------+--------------------+


+------------------------------------------+
; Parallel Compilation                     ;
+----------------------------+-------------+
; Processors                 ; Number      ;
+----------------------------+-------------+
; Number detected on machine ; 4           ;
; Maximum allowed            ; 4           ;
;                            ;             ;
; Average used               ; 1.00        ;
; Maximum used               ; 1           ;
;                            ;             ;
; Usage by Processor         ; % Time Used ;
;     Processor 1            ; 100.0%      ;
;     Processors 2-4         ;   0.0%      ;
+----------------------------+-------------+


+---------------------------------------------------------------------------------------------------------------------------------------------------------------------------------------------------+
; Analysis & Synthesis Source Files Read                                                                                                                                                            ;
+---------------------------------------------+-----------------+----------------------------------------+--------------------------------------------------------------------------------+---------+
; File Name with User-Entered Path            ; Used in Netlist ; File Type                              ; File Name with Absolute Path                                                   ; Library ;
+---------------------------------------------+-----------------+----------------------------------------+--------------------------------------------------------------------------------+---------+
; 11_20_FloatingPoint_Postings/FPU.v          ; yes             ; User Verilog HDL File                  ; H:/ECE 643/MiniS08/MiniS08_verilog/11_20_FloatingPoint_Postings/FPU.v          ;         ;
; S08rom.v                                    ; yes             ; User Wizard-Generated File             ; H:/ECE 643/MiniS08/MiniS08_verilog/S08rom.v                                    ;         ;
; S08ram.v                                    ; yes             ; User Wizard-Generated File             ; H:/ECE 643/MiniS08/MiniS08_verilog/S08ram.v                                    ;         ;
; 10_22_Postings/MiniS08.v                    ; yes             ; User Verilog HDL File                  ; H:/ECE 643/MiniS08/MiniS08_verilog/10_22_Postings/MiniS08.v                    ;         ;
; 10_22_Postings/sci.v                        ; yes             ; User Verilog HDL File                  ; H:/ECE 643/MiniS08/MiniS08_verilog/10_22_Postings/sci.v                        ;         ;
; altsyncram.tdf                              ; yes             ; Megafunction                           ; c:/altera/13.0sp1/quartus/libraries/megafunctions/altsyncram.tdf               ;         ;
; stratix_ram_block.inc                       ; yes             ; Megafunction                           ; c:/altera/13.0sp1/quartus/libraries/megafunctions/stratix_ram_block.inc        ;         ;
; lpm_mux.inc                                 ; yes             ; Megafunction                           ; c:/altera/13.0sp1/quartus/libraries/megafunctions/lpm_mux.inc                  ;         ;
; lpm_decode.inc                              ; yes             ; Megafunction                           ; c:/altera/13.0sp1/quartus/libraries/megafunctions/lpm_decode.inc               ;         ;
; aglobal130.inc                              ; yes             ; Megafunction                           ; c:/altera/13.0sp1/quartus/libraries/megafunctions/aglobal130.inc               ;         ;
; a_rdenreg.inc                               ; yes             ; Megafunction                           ; c:/altera/13.0sp1/quartus/libraries/megafunctions/a_rdenreg.inc                ;         ;
; altrom.inc                                  ; yes             ; Megafunction                           ; c:/altera/13.0sp1/quartus/libraries/megafunctions/altrom.inc                   ;         ;
; altram.inc                                  ; yes             ; Megafunction                           ; c:/altera/13.0sp1/quartus/libraries/megafunctions/altram.inc                   ;         ;
; altdpram.inc                                ; yes             ; Megafunction                           ; c:/altera/13.0sp1/quartus/libraries/megafunctions/altdpram.inc                 ;         ;
; db/altsyncram_gra1.tdf                      ; yes             ; Auto-Generated Megafunction            ; H:/ECE 643/MiniS08/MiniS08_verilog/db/altsyncram_gra1.tdf                      ;         ;
; db/altsyncram_14b1.tdf                      ; yes             ; Auto-Generated Megafunction            ; H:/ECE 643/MiniS08/MiniS08_verilog/db/altsyncram_14b1.tdf                      ;         ;
; 11_20_floatingpoint_postings/minis08fpu.mif ; yes             ; Auto-Found Memory Initialization File  ; H:/ECE 643/MiniS08/MiniS08_verilog/11_20_floatingpoint_postings/minis08fpu.mif ;         ;
+---------------------------------------------+-----------------+----------------------------------------+--------------------------------------------------------------------------------+---------+


+-----------------------------------------------------+
; Analysis & Synthesis Resource Usage Summary         ;
+---------------------------------------------+-------+
; Resource                                    ; Usage ;
+---------------------------------------------+-------+
; Estimated Total logic elements              ; 1,174 ;
;                                             ;       ;
; Total combinational functions               ; 1098  ;
; Logic element usage by number of LUT inputs ;       ;
;     -- 4 input functions                    ; 533   ;
;     -- 3 input functions                    ; 354   ;
;     -- <=2 input functions                  ; 211   ;
;                                             ;       ;
; Logic elements by mode                      ;       ;
;     -- normal mode                          ; 853   ;
;     -- arithmetic mode                      ; 245   ;
;                                             ;       ;
; Total registers                             ; 424   ;
;     -- Dedicated logic registers            ; 424   ;
;     -- I/O registers                        ; 0     ;
;                                             ;       ;
; I/O pins                                    ; 66    ;
; Total memory bits                           ; 10240 ;
; Embedded Multiplier 9-bit elements          ; 0     ;
; Maximum fan-out node                        ; clk50 ;
; Maximum fan-out                             ; 353   ;
; Total fan-out                               ; 5154  ;
; Average fan-out                             ; 3.21  ;
+---------------------------------------------+-------+


+-----------------------------------------------------------------------------------------------------------------------------------------------------------------------------------------------------------------------------------------------------------+
; Analysis & Synthesis Resource Utilization by Entity                                                                                                                                                                                                       ;
+-------------------------------------------+-------------------+--------------+-------------+--------------+---------+-----------+------+--------------+------------------------------------------------------------------------------------+--------------+
; Compilation Hierarchy Node                ; LC Combinationals ; LC Registers ; Memory Bits ; DSP Elements ; DSP 9x9 ; DSP 18x18 ; Pins ; Virtual Pins ; Full Hierarchy Name                                                                ; Library Name ;
+-------------------------------------------+-------------------+--------------+-------------+--------------+---------+-----------+------+--------------+------------------------------------------------------------------------------------+--------------+
; |MiniS08                                  ; 1098 (472)        ; 424 (93)     ; 10240       ; 0            ; 0       ; 0         ; 66   ; 0            ; |MiniS08                                                                           ; work         ;
;    |FPU:S08fpu|                           ; 479 (479)         ; 276 (276)    ; 0           ; 0            ; 0       ; 0         ; 0    ; 0            ; |MiniS08|FPU:S08fpu                                                                ; work         ;
;    |S08ram:ram|                           ; 0 (0)             ; 0 (0)        ; 2048        ; 0            ; 0       ; 0         ; 0    ; 0            ; |MiniS08|S08ram:ram                                                                ; work         ;
;       |altsyncram:altsyncram_component|   ; 0 (0)             ; 0 (0)        ; 2048        ; 0            ; 0       ; 0         ; 0    ; 0            ; |MiniS08|S08ram:ram|altsyncram:altsyncram_component                                ; work         ;
;          |altsyncram_gra1:auto_generated| ; 0 (0)             ; 0 (0)        ; 2048        ; 0            ; 0       ; 0         ; 0    ; 0            ; |MiniS08|S08ram:ram|altsyncram:altsyncram_component|altsyncram_gra1:auto_generated ; work         ;
;    |S08rom:rom|                           ; 0 (0)             ; 0 (0)        ; 8192        ; 0            ; 0       ; 0         ; 0    ; 0            ; |MiniS08|S08rom:rom                                                                ; work         ;
;       |altsyncram:altsyncram_component|   ; 0 (0)             ; 0 (0)        ; 8192        ; 0            ; 0       ; 0         ; 0    ; 0            ; |MiniS08|S08rom:rom|altsyncram:altsyncram_component                                ; work         ;
;          |altsyncram_14b1:auto_generated| ; 0 (0)             ; 0 (0)        ; 8192        ; 0            ; 0       ; 0         ; 0    ; 0            ; |MiniS08|S08rom:rom|altsyncram:altsyncram_component|altsyncram_14b1:auto_generated ; work         ;
;    |sci:S08sci|                           ; 81 (81)           ; 55 (55)      ; 0           ; 0            ; 0       ; 0         ; 0    ; 0            ; |MiniS08|sci:S08sci                                                                ; work         ;
;    |sevenseg:A0|                          ; 7 (7)             ; 0 (0)        ; 0           ; 0            ; 0       ; 0         ; 0    ; 0            ; |MiniS08|sevenseg:A0                                                               ; work         ;
;    |sevenseg:A1|                          ; 7 (7)             ; 0 (0)        ; 0           ; 0            ; 0       ; 0         ; 0    ; 0            ; |MiniS08|sevenseg:A1                                                               ; work         ;
;    |sevenseg:A2|                          ; 3 (3)             ; 0 (0)        ; 0           ; 0            ; 0       ; 0         ; 0    ; 0            ; |MiniS08|sevenseg:A2                                                               ; work         ;
;    |sevenseg:D0|                          ; 7 (7)             ; 0 (0)        ; 0           ; 0            ; 0       ; 0         ; 0    ; 0            ; |MiniS08|sevenseg:D0                                                               ; work         ;
;    |sevenseg:D1|                          ; 8 (8)             ; 0 (0)        ; 0           ; 0            ; 0       ; 0         ; 0    ; 0            ; |MiniS08|sevenseg:D1                                                               ; work         ;
;    |sevenseg:IR0|                         ; 13 (13)           ; 0 (0)        ; 0           ; 0            ; 0       ; 0         ; 0    ; 0            ; |MiniS08|sevenseg:IR0                                                              ; work         ;
;    |sevenseg:IR1|                         ; 14 (14)           ; 0 (0)        ; 0           ; 0            ; 0       ; 0         ; 0    ; 0            ; |MiniS08|sevenseg:IR1                                                              ; work         ;
;    |sevenseg:ST|                          ; 7 (7)             ; 0 (0)        ; 0           ; 0            ; 0       ; 0         ; 0    ; 0            ; |MiniS08|sevenseg:ST                                                               ; work         ;
+-------------------------------------------+-------------------+--------------+-------------+--------------+---------+-----------+------+--------------+------------------------------------------------------------------------------------+--------------+
Note: For table entries with two numbers listed, the numbers in parentheses indicate the number of resources of the given type used by the specific entity alone. The numbers listed outside of parentheses indicate the total resources of the given type used by the specific entity and all of its sub-entities in the hierarchy.


+-------------------------------------------------------------------------------------------------------------------------------------------------------------------------------------------------------------------------------+
; Analysis & Synthesis RAM Summary                                                                                                                                                                                              ;
+--------------------------------------------------------------------------------------+------+-------------+--------------+--------------+--------------+--------------+------+------------------------------------------------+
; Name                                                                                 ; Type ; Mode        ; Port A Depth ; Port A Width ; Port B Depth ; Port B Width ; Size ; MIF                                            ;
+--------------------------------------------------------------------------------------+------+-------------+--------------+--------------+--------------+--------------+------+------------------------------------------------+
; S08ram:ram|altsyncram:altsyncram_component|altsyncram_gra1:auto_generated|ALTSYNCRAM ; AUTO ; Single Port ; 256          ; 8            ; --           ; --           ; 2048 ; None                                           ;
; S08rom:rom|altsyncram:altsyncram_component|altsyncram_14b1:auto_generated|ALTSYNCRAM ; AUTO ; ROM         ; 1024         ; 8            ; --           ; --           ; 8192 ; ../11_20_FloatingPoint_Postings/MiniS08FPU.mif ;
+--------------------------------------------------------------------------------------+------+-------------+--------------+--------------+--------------+--------------+------+------------------------------------------------+


+-----------------------------------------------------------------------------------------------------------------------------------+
; Analysis & Synthesis IP Cores Summary                                                                                             ;
+--------+--------------+---------+--------------+--------------+---------------------+---------------------------------------------+
; Vendor ; IP Core Name ; Version ; Release Date ; License Type ; Entity Instance     ; IP Include File                             ;
+--------+--------------+---------+--------------+--------------+---------------------+---------------------------------------------+
; Altera ; RAM: 1-PORT  ; N/A     ; N/A          ; N/A          ; |MiniS08|S08ram:ram ; H:/ECE 643/MiniS08/MiniS08_verilog/S08ram.v ;
; Altera ; ROM: 1-PORT  ; N/A     ; N/A          ; N/A          ; |MiniS08|S08rom:rom ; H:/ECE 643/MiniS08/MiniS08_verilog/S08rom.v ;
+--------+--------------+---------+--------------+--------------+---------------------+---------------------------------------------+


Encoding Type:  One-Hot
+-------------------------------------------------------+
; State Machine - |MiniS08|FPU:S08fpu|MulState          ;
+-------------+-------------+-------------+-------------+
; Name        ; MulState.00 ; MulState.10 ; MulState.01 ;
+-------------+-------------+-------------+-------------+
; MulState.00 ; 0           ; 0           ; 0           ;
; MulState.01 ; 1           ; 0           ; 1           ;
; MulState.10 ; 1           ; 1           ; 0           ;
+-------------+-------------+-------------+-------------+


+--------------------------------------------------------------------------------+
; Registers Removed During Synthesis                                             ;
+---------------------------------------+----------------------------------------+
; Register name                         ; Reason for Removal                     ;
+---------------------------------------+----------------------------------------+
; FPU:S08fpu|B[24]                      ; Stuck at GND due to stuck port data_in ;
; sci:S08sci|baudgen[0]                 ; Merged with clkdiv[0]                  ;
; FPU:S08fpu|mE[8,9]                    ; Lost fanout                            ;
; FPU:S08fpu|E[8,9]                     ; Lost fanout                            ;
; Total Number of Removed Registers = 6 ;                                        ;
+---------------------------------------+----------------------------------------+


+--------------------------------------------------------------------------------+
; Removed Registers Triggering Further Register Optimizations                    ;
+------------------+--------------------+----------------------------------------+
; Register name    ; Reason for Removal ; Registers Removed due to This Register ;
+------------------+--------------------+----------------------------------------+
; FPU:S08fpu|mE[9] ; Lost Fanouts       ; FPU:S08fpu|mE[8]                       ;
+------------------+--------------------+----------------------------------------+


+------------------------------------------------------+
; General Register Statistics                          ;
+----------------------------------------------+-------+
; Statistic                                    ; Value ;
+----------------------------------------------+-------+
; Total registers                              ; 424   ;
; Number of registers using Synchronous Clear  ; 72    ;
; Number of registers using Synchronous Load   ; 63    ;
; Number of registers using Asynchronous Clear ; 0     ;
; Number of registers using Asynchronous Load  ; 0     ;
; Number of registers using Clock Enable       ; 289   ;
; Number of registers using Preset             ; 0     ;
+----------------------------------------------+-------+


+------------------------------------------------------------------------------------------------------------------------------------------------+
; Multiplexer Restructuring Statistics (Restructuring Performed)                                                                                 ;
+--------------------+-----------+---------------+----------------------+------------------------+------------+----------------------------------+
; Multiplexer Inputs ; Bus Width ; Baseline Area ; Area if Restructured ; Saving if Restructured ; Registered ; Example Multiplexer Output       ;
+--------------------+-----------+---------------+----------------------+------------------------+------------+----------------------------------+
; 3:1                ; 2 bits    ; 4 LEs         ; 2 LEs                ; 2 LEs                  ; Yes        ; |MiniS08|HX[9]                   ;
; 4:1                ; 24 bits   ; 48 LEs        ; 48 LEs               ; 0 LEs                  ; Yes        ; |MiniS08|FPU:S08fpu|Q[23]        ;
; 3:1                ; 3 bits    ; 6 LEs         ; 3 LEs                ; 3 LEs                  ; Yes        ; |MiniS08|sci:S08sci|rcvbitcnt[1] ;
; 3:1                ; 32 bits   ; 64 LEs        ; 32 LEs               ; 32 LEs                 ; Yes        ; |MiniS08|FPU:S08fpu|Res[19]      ;
; 3:1                ; 2 bits    ; 4 LEs         ; 2 LEs                ; 2 LEs                  ; Yes        ; |MiniS08|FPU:S08fpu|outloc[0]    ;
; 3:1                ; 3 bits    ; 6 LEs         ; 3 LEs                ; 3 LEs                  ; Yes        ; |MiniS08|sci:S08sci|txdstate[3]  ;
; 3:1                ; 13 bits   ; 26 LEs        ; 26 LEs               ; 0 LEs                  ; Yes        ; |MiniS08|sci:S08sci|baudgen[10]  ;
; 3:1                ; 8 bits    ; 16 LEs        ; 8 LEs                ; 8 LEs                  ; Yes        ; |MiniS08|FPU:S08fpu|Y[12]        ;
; 3:1                ; 8 bits    ; 16 LEs        ; 8 LEs                ; 8 LEs                  ; Yes        ; |MiniS08|FPU:S08fpu|X[9]         ;
; 3:1                ; 8 bits    ; 16 LEs        ; 8 LEs                ; 8 LEs                  ; Yes        ; |MiniS08|FPU:S08fpu|Y[20]        ;
; 3:1                ; 8 bits    ; 16 LEs        ; 8 LEs                ; 8 LEs                  ; Yes        ; |MiniS08|FPU:S08fpu|X[22]        ;
; 3:1                ; 8 bits    ; 16 LEs        ; 8 LEs                ; 8 LEs                  ; Yes        ; |MiniS08|FPU:S08fpu|Y[6]         ;
; 3:1                ; 8 bits    ; 16 LEs        ; 8 LEs                ; 8 LEs                  ; Yes        ; |MiniS08|FPU:S08fpu|X[1]         ;
; 4:1                ; 8 bits    ; 16 LEs        ; 8 LEs                ; 8 LEs                  ; Yes        ; |MiniS08|HX[4]                   ;
; 3:1                ; 24 bits   ; 48 LEs        ; 24 LEs               ; 24 LEs                 ; Yes        ; |MiniS08|FPU:S08fpu|mB[11]       ;
; 4:1                ; 10 bits   ; 20 LEs        ; 20 LEs               ; 0 LEs                  ; Yes        ; |MiniS08|SP[4]                   ;
; 4:1                ; 2 bits    ; 4 LEs         ; 2 LEs                ; 2 LEs                  ; Yes        ; |MiniS08|MAR[8]                  ;
; 8:1                ; 20 bits   ; 100 LEs       ; 40 LEs               ; 60 LEs                 ; Yes        ; |MiniS08|FPU:S08fpu|A[16]        ;
; 4:1                ; 2 bits    ; 4 LEs         ; 4 LEs                ; 0 LEs                  ; Yes        ; |MiniS08|FPU:S08fpu|A[3]         ;
; 4:1                ; 3 bits    ; 6 LEs         ; 6 LEs                ; 0 LEs                  ; Yes        ; |MiniS08|sci:S08sci|rcvstate[2]  ;
; 4:1                ; 3 bits    ; 6 LEs         ; 6 LEs                ; 0 LEs                  ; Yes        ; |MiniS08|FPU:S08fpu|inloc[0]     ;
; 3:1                ; 24 bits   ; 48 LEs        ; 24 LEs               ; 24 LEs                 ; Yes        ; |MiniS08|FPU:S08fpu|B[22]        ;
; 4:1                ; 23 bits   ; 46 LEs        ; 46 LEs               ; 0 LEs                  ; Yes        ; |MiniS08|FPU:S08fpu|mA[15]       ;
; 5:1                ; 2 bits    ; 6 LEs         ; 4 LEs                ; 2 LEs                  ; Yes        ; |MiniS08|PC[8]                   ;
; 5:1                ; 8 bits    ; 24 LEs        ; 0 LEs                ; 24 LEs                 ; Yes        ; |MiniS08|MAR[2]                  ;
; 4:1                ; 10 bits   ; 20 LEs        ; 20 LEs               ; 0 LEs                  ; Yes        ; |MiniS08|FPU:S08fpu|E[6]         ;
; 6:1                ; 8 bits    ; 32 LEs        ; 24 LEs               ; 8 LEs                  ; Yes        ; |MiniS08|PC[5]                   ;
; 6:1                ; 10 bits   ; 40 LEs        ; 20 LEs               ; 20 LEs                 ; Yes        ; |MiniS08|FPU:S08fpu|mE[3]        ;
; 65:1               ; 6 bits    ; 258 LEs       ; 30 LEs               ; 228 LEs                ; Yes        ; |MiniS08|A[1]                    ;
; 4:1                ; 2 bits    ; 4 LEs         ; 4 LEs                ; 0 LEs                  ; No         ; |MiniS08|sevenseg:A2|segs[3]     ;
; 3:1                ; 2 bits    ; 4 LEs         ; 4 LEs                ; 0 LEs                  ; No         ; |MiniS08|sevenseg:A2|segs[2]     ;
; 5:1                ; 10 bits   ; 30 LEs        ; 20 LEs               ; 10 LEs                 ; No         ; |MiniS08|abus[8]                 ;
; 5:1                ; 24 bits   ; 72 LEs        ; 48 LEs               ; 24 LEs                 ; No         ; |MiniS08|FPU:S08fpu|P            ;
; 7:1                ; 2 bits    ; 8 LEs         ; 8 LEs                ; 0 LEs                  ; No         ; |MiniS08|FPU:S08fpu|MulState     ;
; 17:1               ; 5 bits    ; 55 LEs        ; 45 LEs               ; 10 LEs                 ; No         ; |MiniS08|dbus[6]                 ;
+--------------------+-----------+---------------+----------------------+------------------------+------------+----------------------------------+


+--------------------------------------------------------------------------------------------------+
; Source assignments for S08ram:ram|altsyncram:altsyncram_component|altsyncram_gra1:auto_generated ;
+---------------------------------+--------------------+------+------------------------------------+
; Assignment                      ; Value              ; From ; To                                 ;
+---------------------------------+--------------------+------+------------------------------------+
; OPTIMIZE_POWER_DURING_SYNTHESIS ; NORMAL_COMPILATION ; -    ; -                                  ;
+---------------------------------+--------------------+------+------------------------------------+


+--------------------------------------------------------------------------------------------------+
; Source assignments for S08rom:rom|altsyncram:altsyncram_component|altsyncram_14b1:auto_generated ;
+---------------------------------+--------------------+------+------------------------------------+
; Assignment                      ; Value              ; From ; To                                 ;
+---------------------------------+--------------------+------+------------------------------------+
; OPTIMIZE_POWER_DURING_SYNTHESIS ; NORMAL_COMPILATION ; -    ; -                                  ;
+---------------------------------+--------------------+------+------------------------------------+


+-----------------------------------------------------------------------------------------+
; Parameter Settings for User Entity Instance: S08ram:ram|altsyncram:altsyncram_component ;
+------------------------------------+----------------------+-----------------------------+
; Parameter Name                     ; Value                ; Type                        ;
+------------------------------------+----------------------+-----------------------------+
; BYTE_SIZE_BLOCK                    ; 8                    ; Untyped                     ;
; AUTO_CARRY_CHAINS                  ; ON                   ; AUTO_CARRY                  ;
; IGNORE_CARRY_BUFFERS               ; OFF                  ; IGNORE_CARRY                ;
; AUTO_CASCADE_CHAINS                ; ON                   ; AUTO_CASCADE                ;
; IGNORE_CASCADE_BUFFERS             ; OFF                  ; IGNORE_CASCADE              ;
; WIDTH_BYTEENA                      ; 1                    ; Untyped                     ;
; OPERATION_MODE                     ; SINGLE_PORT          ; Untyped                     ;
; WIDTH_A                            ; 8                    ; Signed Integer              ;
; WIDTHAD_A                          ; 8                    ; Signed Integer              ;
; NUMWORDS_A                         ; 256                  ; Signed Integer              ;
; OUTDATA_REG_A                      ; UNREGISTERED         ; Untyped                     ;
; ADDRESS_ACLR_A                     ; NONE                 ; Untyped                     ;
; OUTDATA_ACLR_A                     ; NONE                 ; Untyped                     ;
; WRCONTROL_ACLR_A                   ; NONE                 ; Untyped                     ;
; INDATA_ACLR_A                      ; NONE                 ; Untyped                     ;
; BYTEENA_ACLR_A                     ; NONE                 ; Untyped                     ;
; WIDTH_B                            ; 1                    ; Untyped                     ;
; WIDTHAD_B                          ; 1                    ; Untyped                     ;
; NUMWORDS_B                         ; 1                    ; Untyped                     ;
; INDATA_REG_B                       ; CLOCK1               ; Untyped                     ;
; WRCONTROL_WRADDRESS_REG_B          ; CLOCK1               ; Untyped                     ;
; RDCONTROL_REG_B                    ; CLOCK1               ; Untyped                     ;
; ADDRESS_REG_B                      ; CLOCK1               ; Untyped                     ;
; OUTDATA_REG_B                      ; UNREGISTERED         ; Untyped                     ;
; BYTEENA_REG_B                      ; CLOCK1               ; Untyped                     ;
; INDATA_ACLR_B                      ; NONE                 ; Untyped                     ;
; WRCONTROL_ACLR_B                   ; NONE                 ; Untyped                     ;
; ADDRESS_ACLR_B                     ; NONE                 ; Untyped                     ;
; OUTDATA_ACLR_B                     ; NONE                 ; Untyped                     ;
; RDCONTROL_ACLR_B                   ; NONE                 ; Untyped                     ;
; BYTEENA_ACLR_B                     ; NONE                 ; Untyped                     ;
; WIDTH_BYTEENA_A                    ; 1                    ; Signed Integer              ;
; WIDTH_BYTEENA_B                    ; 1                    ; Untyped                     ;
; RAM_BLOCK_TYPE                     ; AUTO                 ; Untyped                     ;
; BYTE_SIZE                          ; 8                    ; Untyped                     ;
; READ_DURING_WRITE_MODE_MIXED_PORTS ; DONT_CARE            ; Untyped                     ;
; READ_DURING_WRITE_MODE_PORT_A      ; NEW_DATA_NO_NBE_READ ; Untyped                     ;
; READ_DURING_WRITE_MODE_PORT_B      ; NEW_DATA_NO_NBE_READ ; Untyped                     ;
; INIT_FILE                          ; UNUSED               ; Untyped                     ;
; INIT_FILE_LAYOUT                   ; PORT_A               ; Untyped                     ;
; MAXIMUM_DEPTH                      ; 0                    ; Untyped                     ;
; CLOCK_ENABLE_INPUT_A               ; BYPASS               ; Untyped                     ;
; CLOCK_ENABLE_INPUT_B               ; NORMAL               ; Untyped                     ;
; CLOCK_ENABLE_OUTPUT_A              ; BYPASS               ; Untyped                     ;
; CLOCK_ENABLE_OUTPUT_B              ; NORMAL               ; Untyped                     ;
; CLOCK_ENABLE_CORE_A                ; USE_INPUT_CLKEN      ; Untyped                     ;
; CLOCK_ENABLE_CORE_B                ; USE_INPUT_CLKEN      ; Untyped                     ;
; ENABLE_ECC                         ; FALSE                ; Untyped                     ;
; ECC_PIPELINE_STAGE_ENABLED         ; FALSE                ; Untyped                     ;
; WIDTH_ECCSTATUS                    ; 3                    ; Untyped                     ;
; DEVICE_FAMILY                      ; Cyclone II           ; Untyped                     ;
; CBXI_PARAMETER                     ; altsyncram_gra1      ; Untyped                     ;
+------------------------------------+----------------------+-----------------------------+
Note: In order to hide this table in the UI and the text report file, please set the "Show Parameter Settings in Synthesis Report" option in "Analysis and Synthesis Settings -> More Settings" to "Off".


+------------------------------------------------------------------------------------------------------+
; Parameter Settings for User Entity Instance: S08rom:rom|altsyncram:altsyncram_component              ;
+------------------------------------+------------------------------------------------+----------------+
; Parameter Name                     ; Value                                          ; Type           ;
+------------------------------------+------------------------------------------------+----------------+
; BYTE_SIZE_BLOCK                    ; 8                                              ; Untyped        ;
; AUTO_CARRY_CHAINS                  ; ON                                             ; AUTO_CARRY     ;
; IGNORE_CARRY_BUFFERS               ; OFF                                            ; IGNORE_CARRY   ;
; AUTO_CASCADE_CHAINS                ; ON                                             ; AUTO_CASCADE   ;
; IGNORE_CASCADE_BUFFERS             ; OFF                                            ; IGNORE_CASCADE ;
; WIDTH_BYTEENA                      ; 1                                              ; Untyped        ;
; OPERATION_MODE                     ; ROM                                            ; Untyped        ;
; WIDTH_A                            ; 8                                              ; Signed Integer ;
; WIDTHAD_A                          ; 10                                             ; Signed Integer ;
; NUMWORDS_A                         ; 1024                                           ; Signed Integer ;
; OUTDATA_REG_A                      ; UNREGISTERED                                   ; Untyped        ;
; ADDRESS_ACLR_A                     ; NONE                                           ; Untyped        ;
; OUTDATA_ACLR_A                     ; NONE                                           ; Untyped        ;
; WRCONTROL_ACLR_A                   ; NONE                                           ; Untyped        ;
; INDATA_ACLR_A                      ; NONE                                           ; Untyped        ;
; BYTEENA_ACLR_A                     ; NONE                                           ; Untyped        ;
; WIDTH_B                            ; 1                                              ; Untyped        ;
; WIDTHAD_B                          ; 1                                              ; Untyped        ;
; NUMWORDS_B                         ; 1                                              ; Untyped        ;
; INDATA_REG_B                       ; CLOCK1                                         ; Untyped        ;
; WRCONTROL_WRADDRESS_REG_B          ; CLOCK1                                         ; Untyped        ;
; RDCONTROL_REG_B                    ; CLOCK1                                         ; Untyped        ;
; ADDRESS_REG_B                      ; CLOCK1                                         ; Untyped        ;
; OUTDATA_REG_B                      ; UNREGISTERED                                   ; Untyped        ;
; BYTEENA_REG_B                      ; CLOCK1                                         ; Untyped        ;
; INDATA_ACLR_B                      ; NONE                                           ; Untyped        ;
; WRCONTROL_ACLR_B                   ; NONE                                           ; Untyped        ;
; ADDRESS_ACLR_B                     ; NONE                                           ; Untyped        ;
; OUTDATA_ACLR_B                     ; NONE                                           ; Untyped        ;
; RDCONTROL_ACLR_B                   ; NONE                                           ; Untyped        ;
; BYTEENA_ACLR_B                     ; NONE                                           ; Untyped        ;
; WIDTH_BYTEENA_A                    ; 1                                              ; Signed Integer ;
; WIDTH_BYTEENA_B                    ; 1                                              ; Untyped        ;
; RAM_BLOCK_TYPE                     ; AUTO                                           ; Untyped        ;
; BYTE_SIZE                          ; 8                                              ; Untyped        ;
; READ_DURING_WRITE_MODE_MIXED_PORTS ; DONT_CARE                                      ; Untyped        ;
; READ_DURING_WRITE_MODE_PORT_A      ; NEW_DATA_NO_NBE_READ                           ; Untyped        ;
; READ_DURING_WRITE_MODE_PORT_B      ; NEW_DATA_NO_NBE_READ                           ; Untyped        ;
; INIT_FILE                          ; ../11_20_FloatingPoint_Postings/MiniS08FPU.mif ; Untyped        ;
; INIT_FILE_LAYOUT                   ; PORT_A                                         ; Untyped        ;
; MAXIMUM_DEPTH                      ; 0                                              ; Untyped        ;
; CLOCK_ENABLE_INPUT_A               ; BYPASS                                         ; Untyped        ;
; CLOCK_ENABLE_INPUT_B               ; NORMAL                                         ; Untyped        ;
; CLOCK_ENABLE_OUTPUT_A              ; BYPASS                                         ; Untyped        ;
; CLOCK_ENABLE_OUTPUT_B              ; NORMAL                                         ; Untyped        ;
; CLOCK_ENABLE_CORE_A                ; USE_INPUT_CLKEN                                ; Untyped        ;
; CLOCK_ENABLE_CORE_B                ; USE_INPUT_CLKEN                                ; Untyped        ;
; ENABLE_ECC                         ; FALSE                                          ; Untyped        ;
; ECC_PIPELINE_STAGE_ENABLED         ; FALSE                                          ; Untyped        ;
; WIDTH_ECCSTATUS                    ; 3                                              ; Untyped        ;
; DEVICE_FAMILY                      ; Cyclone II                                     ; Untyped        ;
; CBXI_PARAMETER                     ; altsyncram_14b1                                ; Untyped        ;
+------------------------------------+------------------------------------------------+----------------+
Note: In order to hide this table in the UI and the text report file, please set the "Show Parameter Settings in Synthesis Report" option in "Analysis and Synthesis Settings -> More Settings" to "Off".


+----------------------------------------------------------------------------------------+
; altsyncram Parameter Settings by Entity Instance                                       ;
+-------------------------------------------+--------------------------------------------+
; Name                                      ; Value                                      ;
+-------------------------------------------+--------------------------------------------+
; Number of entity instances                ; 2                                          ;
; Entity Instance                           ; S08ram:ram|altsyncram:altsyncram_component ;
;     -- OPERATION_MODE                     ; SINGLE_PORT                                ;
;     -- WIDTH_A                            ; 8                                          ;
;     -- NUMWORDS_A                         ; 256                                        ;
;     -- OUTDATA_REG_A                      ; UNREGISTERED                               ;
;     -- WIDTH_B                            ; 1                                          ;
;     -- NUMWORDS_B                         ; 1                                          ;
;     -- ADDRESS_REG_B                      ; CLOCK1                                     ;
;     -- OUTDATA_REG_B                      ; UNREGISTERED                               ;
;     -- RAM_BLOCK_TYPE                     ; AUTO                                       ;
;     -- READ_DURING_WRITE_MODE_MIXED_PORTS ; DONT_CARE                                  ;
; Entity Instance                           ; S08rom:rom|altsyncram:altsyncram_component ;
;     -- OPERATION_MODE                     ; ROM                                        ;
;     -- WIDTH_A                            ; 8                                          ;
;     -- NUMWORDS_A                         ; 1024                                       ;
;     -- OUTDATA_REG_A                      ; UNREGISTERED                               ;
;     -- WIDTH_B                            ; 1                                          ;
;     -- NUMWORDS_B                         ; 1                                          ;
;     -- ADDRESS_REG_B                      ; CLOCK1                                     ;
;     -- OUTDATA_REG_B                      ; UNREGISTERED                               ;
;     -- RAM_BLOCK_TYPE                     ; AUTO                                       ;
;     -- READ_DURING_WRITE_MODE_MIXED_PORTS ; DONT_CARE                                  ;
+-------------------------------------------+--------------------------------------------+


+------------------------------------------------------------------------------------------------------------------------------------------------------------------------------------------------------------+
; Port Connectivity Checks: "FPU:S08fpu"                                                                                                                                                                     ;
+------+-------+----------+----------------------------------------------------------------------------------------------------------------------------------------------------------------------------------+
; Port ; Type  ; Severity ; Details                                                                                                                                                                          ;
+------+-------+----------+----------------------------------------------------------------------------------------------------------------------------------------------------------------------------------+
; addr ; Input ; Warning  ; Input port expression (3 bits) is wider than the input port (2 bits) it drives.  The 1 most-significant bit(s) in the expression will be dangling if they have no other fanouts. ;
+------+-------+----------+----------------------------------------------------------------------------------------------------------------------------------------------------------------------------------+


+--------------------------------------------------------------------------------------------------------------------------------------------------------------------------------------------------------------+
; Port Connectivity Checks: "sevenseg:ST"                                                                                                                                                                      ;
+------+-------+----------+------------------------------------------------------------------------------------------------------------------------------------------------------------------------------------+
; Port ; Type  ; Severity ; Details                                                                                                                                                                            ;
+------+-------+----------+------------------------------------------------------------------------------------------------------------------------------------------------------------------------------------+
; hex  ; Input ; Warning  ; Input port expression (32 bits) is wider than the input port (4 bits) it drives.  The 28 most-significant bit(s) in the expression will be dangling if they have no other fanouts. ;
+------+-------+----------+------------------------------------------------------------------------------------------------------------------------------------------------------------------------------------+


+---------------------------------------------+
; Port Connectivity Checks: "sevenseg:A2"     ;
+-----------+-------+----------+--------------+
; Port      ; Type  ; Severity ; Details      ;
+-----------+-------+----------+--------------+
; hex[3..2] ; Input ; Info     ; Stuck at GND ;
+-----------+-------+----------+--------------+


+-------------------------------+
; Elapsed Time Per Partition    ;
+----------------+--------------+
; Partition Name ; Elapsed Time ;
+----------------+--------------+
; Top            ; 00:00:03     ;
+----------------+--------------+


+-------------------------------+
; Analysis & Synthesis Messages ;
+-------------------------------+
Info: *******************************************************************
Info: Running Quartus II 64-Bit Analysis & Synthesis
    Info: Version 13.0.1 Build 232 06/12/2013 Service Pack 1 SJ Web Edition
    Info: Processing started: Thu Nov 30 17:46:41 2017
Info: Command: quartus_map --read_settings_files=on --write_settings_files=off MiniS08 -c MiniS08
Info (20030): Parallel compilation is enabled and will use 4 of the 4 processors detected
Info (12021): Found 1 design units, including 1 entities, in source file 11_20_floatingpoint_postings/fpu.v
    Info (12023): Found entity 1: FPU
Info (12021): Found 1 design units, including 1 entities, in source file s08rom.v
    Info (12023): Found entity 1: S08rom
Info (12021): Found 1 design units, including 1 entities, in source file s08ram.v
    Info (12023): Found entity 1: S08ram
Info (12021): Found 2 design units, including 2 entities, in source file 10_22_postings/minis08.v
    Info (12023): Found entity 1: MiniS08
    Info (12023): Found entity 2: sevenseg
Info (12021): Found 1 design units, including 1 entities, in source file 10_22_postings/sci.v
    Info (12023): Found entity 1: sci
Info (12127): Elaborating entity "MiniS08" for the top level hierarchy
Warning (10230): Verilog HDL assignment warning at MiniS08.v(55): truncated value with size 32 to match size of target (28)
Warning (10230): Verilog HDL assignment warning at MiniS08.v(69): truncated value with size 32 to match size of target (10)
Warning (10230): Verilog HDL assignment warning at MiniS08.v(73): truncated value with size 32 to match size of target (10)
Warning (10230): Verilog HDL assignment warning at MiniS08.v(87): truncated value with size 32 to match size of target (3)
Warning (10230): Verilog HDL assignment warning at MiniS08.v(131): truncated value with size 32 to match size of target (10)
Warning (10230): Verilog HDL assignment warning at MiniS08.v(135): truncated value with size 32 to match size of target (10)
Warning (10230): Verilog HDL assignment warning at MiniS08.v(140): truncated value with size 32 to match size of target (8)
Info (12128): Elaborating entity "sevenseg" for hierarchy "sevenseg:A2"
Warning (10230): Verilog HDL assignment warning at MiniS08.v(276): truncated value with size 32 to match size of target (7)
Info (12128): Elaborating entity "sci" for hierarchy "sci:S08sci"
Warning (10230): Verilog HDL assignment warning at sci.v(27): truncated value with size 32 to match size of target (8)
Warning (10230): Verilog HDL assignment warning at sci.v(33): truncated value with size 32 to match size of target (13)
Warning (10230): Verilog HDL assignment warning at sci.v(39): truncated value with size 32 to match size of target (1)
Warning (10230): Verilog HDL assignment warning at sci.v(40): truncated value with size 32 to match size of target (1)
Warning (10230): Verilog HDL assignment warning at sci.v(41): truncated value with size 32 to match size of target (1)
Warning (10230): Verilog HDL assignment warning at sci.v(47): truncated value with size 32 to match size of target (3)
Warning (10230): Verilog HDL assignment warning at sci.v(49): truncated value with size 32 to match size of target (3)
Warning (10230): Verilog HDL assignment warning at sci.v(57): truncated value with size 32 to match size of target (4)
Info (12128): Elaborating entity "FPU" for hierarchy "FPU:S08fpu"
Warning (10230): Verilog HDL assignment warning at FPU.v(27): truncated value with size 32 to match size of target (3)
Warning (10230): Verilog HDL assignment warning at FPU.v(28): truncated value with size 32 to match size of target (2)
Warning (10230): Verilog HDL assignment warning at FPU.v(30): truncated value with size 32 to match size of target (8)
Warning (10230): Verilog HDL assignment warning at FPU.v(31): truncated value with size 32 to match size of target (8)
Warning (10230): Verilog HDL assignment warning at FPU.v(32): truncated value with size 32 to match size of target (8)
Warning (10230): Verilog HDL assignment warning at FPU.v(34): truncated value with size 32 to match size of target (8)
Warning (10230): Verilog HDL assignment warning at FPU.v(35): truncated value with size 32 to match size of target (8)
Warning (10230): Verilog HDL assignment warning at FPU.v(36): truncated value with size 32 to match size of target (8)
Warning (10230): Verilog HDL assignment warning at FPU.v(40): truncated value with size 32 to match size of target (8)
Warning (10230): Verilog HDL assignment warning at FPU.v(69): truncated value with size 32 to match size of target (1)
Warning (10230): Verilog HDL assignment warning at FPU.v(85): truncated value with size 32 to match size of target (10)
Warning (10230): Verilog HDL assignment warning at FPU.v(130): truncated value with size 32 to match size of target (1)
Warning (10230): Verilog HDL assignment warning at FPU.v(143): truncated value with size 32 to match size of target (10)
Warning (10230): Verilog HDL assignment warning at FPU.v(150): truncated value with size 32 to match size of target (25)
Warning (10230): Verilog HDL assignment warning at FPU.v(158): truncated value with size 32 to match size of target (1)
Warning (10230): Verilog HDL assignment warning at FPU.v(162): truncated value with size 32 to match size of target (1)
Warning (10230): Verilog HDL assignment warning at FPU.v(165): truncated value with size 32 to match size of target (1)
Info (12128): Elaborating entity "S08ram" for hierarchy "S08ram:ram"
Info (12128): Elaborating entity "altsyncram" for hierarchy "S08ram:ram|altsyncram:altsyncram_component"
Info (12130): Elaborated megafunction instantiation "S08ram:ram|altsyncram:altsyncram_component"
Info (12133): Instantiated megafunction "S08ram:ram|altsyncram:altsyncram_component" with the following parameter:
    Info (12134): Parameter "clock_enable_input_a" = "BYPASS"
    Info (12134): Parameter "clock_enable_output_a" = "BYPASS"
    Info (12134): Parameter "intended_device_family" = "Cyclone II"
    Info (12134): Parameter "lpm_hint" = "ENABLE_RUNTIME_MOD=NO"
    Info (12134): Parameter "lpm_type" = "altsyncram"
    Info (12134): Parameter "numwords_a" = "256"
    Info (12134): Parameter "operation_mode" = "SINGLE_PORT"
    Info (12134): Parameter "outdata_aclr_a" = "NONE"
    Info (12134): Parameter "outdata_reg_a" = "UNREGISTERED"
    Info (12134): Parameter "power_up_uninitialized" = "FALSE"
    Info (12134): Parameter "widthad_a" = "8"
    Info (12134): Parameter "width_a" = "8"
    Info (12134): Parameter "width_byteena_a" = "1"
Info (12021): Found 1 design units, including 1 entities, in source file db/altsyncram_gra1.tdf
    Info (12023): Found entity 1: altsyncram_gra1
Info (12128): Elaborating entity "altsyncram_gra1" for hierarchy "S08ram:ram|altsyncram:altsyncram_component|altsyncram_gra1:auto_generated"
Info (12128): Elaborating entity "S08rom" for hierarchy "S08rom:rom"
Info (12128): Elaborating entity "altsyncram" for hierarchy "S08rom:rom|altsyncram:altsyncram_component"
Info (12130): Elaborated megafunction instantiation "S08rom:rom|altsyncram:altsyncram_component"
Info (12133): Instantiated megafunction "S08rom:rom|altsyncram:altsyncram_component" with the following parameter:
    Info (12134): Parameter "clock_enable_input_a" = "BYPASS"
    Info (12134): Parameter "clock_enable_output_a" = "BYPASS"
    Info (12134): Parameter "init_file" = "../11_20_FloatingPoint_Postings/MiniS08FPU.mif"
    Info (12134): Parameter "intended_device_family" = "Cyclone II"
    Info (12134): Parameter "lpm_hint" = "ENABLE_RUNTIME_MOD=NO"
    Info (12134): Parameter "lpm_type" = "altsyncram"
    Info (12134): Parameter "numwords_a" = "1024"
    Info (12134): Parameter "operation_mode" = "ROM"
    Info (12134): Parameter "outdata_aclr_a" = "NONE"
    Info (12134): Parameter "outdata_reg_a" = "UNREGISTERED"
    Info (12134): Parameter "widthad_a" = "10"
    Info (12134): Parameter "width_a" = "8"
    Info (12134): Parameter "width_byteena_a" = "1"
Info (12021): Found 1 design units, including 1 entities, in source file db/altsyncram_14b1.tdf
    Info (12023): Found entity 1: altsyncram_14b1
Info (12128): Elaborating entity "altsyncram_14b1" for hierarchy "S08rom:rom|altsyncram:altsyncram_component|altsyncram_14b1:auto_generated"
Warning (12241): 2 hierarchies have connectivity warnings - see the Connectivity Checks report folder
Warning (13024): Output pins are stuck at VCC or GND
    Warning (13410): Pin "addr[19]" is stuck at GND
    Warning (13410): Pin "debugOut" is stuck at GND
Info (17049): 4 registers lost all their fanouts during netlist optimizations.
Info (144001): Generated suppressed messages file H:/ECE 643/MiniS08/MiniS08_verilog/output_files/MiniS08.map.smsg
Info (16010): Generating hard_block partition "hard_block:auto_generated_inst"
    Info (16011): Adding 0 node(s), including 0 DDIO, 0 PLL, 0 transceiver and 0 LCELL
Info (21057): Implemented 1296 device resources after synthesis - the final resource count might be different
    Info (21058): Implemented 7 input pins
    Info (21059): Implemented 59 output pins
    Info (21061): Implemented 1214 logic cells
    Info (21064): Implemented 16 RAM segments
Info: Quartus II 64-Bit Analysis & Synthesis was successful. 0 errors, 37 warnings
    Info: Peak virtual memory: 524 megabytes
    Info: Processing ended: Thu Nov 30 17:46:48 2017
    Info: Elapsed time: 00:00:07
    Info: Total CPU time (on all processors): 00:00:05


+------------------------------------------+
; Analysis & Synthesis Suppressed Messages ;
+------------------------------------------+
The suppressed messages can be found in H:/ECE 643/MiniS08/MiniS08_verilog/output_files/MiniS08.map.smsg.


